<?xml version="1.0" encoding="UTF-8"?>
<!-- Generated by org.testng.reporters.JUnitReportReporter -->
<testsuite hostname="ALICAN" failures="0" tests="1" name="com.amazon.test_ui.AmazonUiTest" time="38.935" errors="0" timestamp="2021-07-24T21:27:04 EET" skipped="0">
  <testcase classname="com.amazon.test_ui.AmazonUiTest" name="extensionInstall" time="38.935"/>
  <system-out/>
</testsuite> <!-- com.amazon.test_ui.AmazonUiTest -->
